<?xml version="1.0" encoding="utf-8"?><testsuites name="pytest tests"><testsuite name="pytest" errors="0" failures="2" skipped="0" tests="21" time="40.640" timestamp="2026-04-16T21:45:07.509742+00:00" hostname="agent-env-a34203f5-c238-48b8-9d7d-c129bc526ca9"><testcase classname="tests.test_mysermon_api.TestHealthEndpoint" name="test_root_endpoint_returns_200" time="0.208" /><testcase classname="tests.test_mysermon_api.TestHealthEndpoint" name="test_root_endpoint_json_structure" time="0.054" /><testcase classname="tests.test_mysermon_api.TestGenererPredication" name="test_generer_predication_success" time="12.841" /><testcase classname="tests.test_mysermon_api.TestGenererPredication" name="test_generer_predication_minimal_input" time="2.059"><failure message="AssertionError: Expected 200, got 500: {&quot;detail&quot;:&quot;Erreur IA : Failed to generate chat completion: litellm.BadRequestError: OpenAIException - Budget has been exceeded! Current cost: 0.00112335, Max budget: 0.001&quot;}&#10;assert 500 == 200&#10; +  where 500 = &lt;Response [500]&gt;.status_code">tests/test_mysermon_api.py:122: in test_generer_predication_minimal_input
    assert response.status_code == 200, f"Expected 200, got {response.status_code}: {response.text}"
E   AssertionError: Expected 200, got 500: {"detail":"Erreur IA : Failed to generate chat completion: litellm.BadRequestError: OpenAIException - Budget has been exceeded! Current cost: 0.00112335, Max budget: 0.001"}
E   assert 500 == 200
E    +  where 500 = &lt;Response [500]&gt;.status_code</failure></testcase><testcase classname="tests.test_mysermon_api.TestGenererPredication" name="test_generer_predication_missing_titre_returns_422" time="0.058" /><testcase classname="tests.test_mysermon_api.TestGenererPredication" name="test_generer_predication_empty_body_returns_422" time="0.052" /><testcase classname="tests.test_mysermon_api.TestGenererPredication" name="test_generer_predication_empty_titre_returns_422" time="0.053" /><testcase classname="tests.test_mysermon_api.TestSuggererVersets" name="test_suggerer_versets_success" time="5.879" /><testcase classname="tests.test_mysermon_api.TestSuggererVersets" name="test_suggerer_versets_default_nombre" time="4.628" /><testcase classname="tests.test_mysermon_api.TestSuggererVersets" name="test_suggerer_versets_missing_theme_returns_422" time="0.050" /><testcase classname="tests.test_mysermon_api.TestSuggererVersets" name="test_suggerer_versets_empty_theme_returns_422" time="0.109" /><testcase classname="tests.test_mysermon_api.TestAssistant" name="test_assistant_reformuler_success" time="2.437" /><testcase classname="tests.test_mysermon_api.TestAssistant" name="test_assistant_corriger_success" time="2.154" /><testcase classname="tests.test_mysermon_api.TestAssistant" name="test_assistant_developper_success" time="1.820"><failure message="AssertionError: Expected 200, got 500: {&quot;detail&quot;:&quot;Erreur IA : Failed to generate chat completion: litellm.BadRequestError: OpenAIException - Budget has been exceeded! Current cost: 0.00112335, Max budget: 0.001&quot;}&#10;assert 500 == 200&#10; +  where 500 = &lt;Response [500]&gt;.status_code">tests/test_mysermon_api.py:320: in test_assistant_developper_success
    assert response.status_code == 200, f"Expected 200, got {response.status_code}: {response.text}"
E   AssertionError: Expected 200, got 500: {"detail":"Erreur IA : Failed to generate chat completion: litellm.BadRequestError: OpenAIException - Budget has been exceeded! Current cost: 0.00112335, Max budget: 0.001"}
E   assert 500 == 200
E    +  where 500 = &lt;Response [500]&gt;.status_code</failure></testcase><testcase classname="tests.test_mysermon_api.TestAssistant" name="test_assistant_illustrer_success" time="7.618" /><testcase classname="tests.test_mysermon_api.TestAssistant" name="test_assistant_invalid_action_returns_422" time="0.071" /><testcase classname="tests.test_mysermon_api.TestAssistant" name="test_assistant_missing_action_returns_422" time="0.052" /><testcase classname="tests.test_mysermon_api.TestAssistant" name="test_assistant_missing_texte_returns_422" time="0.050" /><testcase classname="tests.test_mysermon_api.TestAssistant" name="test_assistant_empty_texte_returns_422" time="0.059" /><testcase classname="tests.test_mysermon_api.TestErrorHandling" name="test_invalid_json_returns_422" time="0.053" /><testcase classname="tests.test_mysermon_api.TestErrorHandling" name="test_nonexistent_endpoint_returns_404" time="0.053" /></testsuite></testsuites>